<?xml version="1.0" encoding="UTF-8" ?>
<testsuite failures="0" time="0.003" errors="0" skipped="0" tests="1" name="com.ysance.kafka.AppTest">
  <properties>
    <property name="java.runtime.name" value="Java(TM) SE Runtime Environment"/>
    <property name="sun.boot.library.path" value="c:\Java\jdk1.7.0_45\jre\bin"/>
    <property name="java.vm.version" value="24.45-b08"/>
    <property name="java.vm.vendor" value="Oracle Corporation"/>
    <property name="java.vendor.url" value="http://java.oracle.com/"/>
    <property name="path.separator" value=";"/>
    <property name="guice.disable.misplaced.annotation.check" value="true"/>
    <property name="java.vm.name" value="Java HotSpot(TM) 64-Bit Server VM"/>
    <property name="file.encoding.pkg" value="sun.io"/>
    <property name="user.script" value=""/>
    <property name="user.country" value="FR"/>
    <property name="sun.java.launcher" value="SUN_STANDARD"/>
    <property name="sun.os.patch.level" value="Service Pack 1"/>
    <property name="java.vm.specification.name" value="Java Virtual Machine Specification"/>
    <property name="user.dir" value="e:\Projets\Ysance\labo-kafka-lightstreamer-meltdown\kafka\producer\kafka-simple-producer"/>
    <property name="java.runtime.version" value="1.7.0_45-b18"/>
    <property name="java.awt.graphicsenv" value="sun.awt.Win32GraphicsEnvironment"/>
    <property name="java.endorsed.dirs" value="c:\Java\jdk1.7.0_45\jre\lib\endorsed"/>
    <property name="os.arch" value="amd64"/>
    <property name="java.io.tmpdir" value="C:\Users\CSE\AppData\Local\Temp\"/>
    <property name="line.separator" value="
"/>
    <property name="java.vm.specification.vendor" value="Oracle Corporation"/>
    <property name="user.variant" value=""/>
    <property name="os.name" value="Windows 7"/>
    <property name="classworlds.conf" value="e:/Dev/Maven/apache-maven-3.2.1/bin/m2.conf"/>
    <property name="sun.jnu.encoding" value="Cp1252"/>
    <property name="java.library.path" value="c:\Java\jdk1.7.0_45\bin;C:\Windows\Sun\Java\bin;C:\Windows\system32;C:\Windows;c:\Users\CSE\bin;.;E:\Dev\Git\local\bin;E:\Dev\Git\mingw\bin;E:\Dev\Git\bin;c:\ProgramData\Oracle\Java\javapath;c:\PROGRAM FILES\COMMON FILES\MICROSOFT SHARED\WINDOWS LIVE;c:\PROGRAM FILES (X86)\COMMON FILES\MICROSOFT SHARED\WINDOWS LIVE;c:\PROGRAM FILES (X86)\NVIDIA CORPORATION\PHYSX\COMMON;c:\PROGRAM FILES (X86)\INTEL\ICLS CLIENT\;c:\PROGRAM FILES\INTEL\ICLS CLIENT\;c:\WINDOWS\SYSTEM32;c:\WINDOWS;c:\WINDOWS\SYSTEM32\WBEM;c:\WINDOWS\SYSTEM32\WINDOWSPOWERSHELL\V1.0\;c:\PROGRAM FILES\INTEL\INTEL(R) MANAGEMENT ENGINE COMPONENTS\DAL;c:\PROGRAM FILES\INTEL\INTEL(R) MANAGEMENT ENGINE COMPONENTS\IPT;c:\PROGRAM FILES (X86)\INTEL\INTEL(R) MANAGEMENT ENGINE COMPONENTS\DAL;c:\PROGRAM FILES (X86)\INTEL\INTEL(R) MANAGEMENT ENGINE COMPONENTS\IPT;c:\PROGRAM FILES\INTEL\WIFI\BIN\;c:\PROGRAM FILES\COMMON FILES\INTEL\WIRELESSCOMMON\;c:\PROGRAM FILES\DELL\DELL DATA PROTECTION\ACCESS\ADVANCED\WAVE\GEMALTO\ACCESS CLIENT\V5\;c:\PROGRAM FILES (X86)\NTRU CRYPTOSYSTEMS\NTRU TCG SOFTWARE STACK\BIN\;c:\PROGRAM FILES (X86)\WINDOWS LIVE\SHARED;e:\OUTILS\VAGRANT\VAGRANT\BIN;e:\OUTILS\GRAPHVIZ\BIN;c:\Program Files\TortoiseSVN\bin;c:\Program Files\7-zip;e:\Dev\nodejs\;e:\Dev\Maven\apache-maven-3.2.1\bin\;c:\Users\CSE\AppData\Roaming\npm;."/>
    <property name="java.specification.name" value="Java Platform API Specification"/>
    <property name="java.class.version" value="51.0"/>
    <property name="sun.management.compiler" value="HotSpot 64-Bit Tiered Compilers"/>
    <property name="os.version" value="6.1"/>
    <property name="user.home" value="C:\Users\CSE"/>
    <property name="user.timezone" value="Europe/Paris"/>
    <property name="java.awt.printerjob" value="sun.awt.windows.WPrinterJob"/>
    <property name="java.specification.version" value="1.7"/>
    <property name="file.encoding" value="Cp1252"/>
    <property name="user.name" value="CSE"/>
    <property name="java.class.path" value="e:/Dev/Maven/apache-maven-3.2.1/boot/plexus-classworlds-2.5.1.jar"/>
    <property name="org.slf4j.simpleLogger.defaultLogLevel" value="debug"/>
    <property name="java.vm.specification.version" value="1.7"/>
    <property name="sun.arch.data.model" value="64"/>
    <property name="java.home" value="c:\Java\jdk1.7.0_45\jre"/>
    <property name="sun.java.command" value="org.codehaus.plexus.classworlds.launcher.Launcher clean package exec:java -X"/>
    <property name="java.specification.vendor" value="Oracle Corporation"/>
    <property name="user.language" value="fr"/>
    <property name="awt.toolkit" value="sun.awt.windows.WToolkit"/>
    <property name="java.vm.info" value="mixed mode"/>
    <property name="java.version" value="1.7.0_45"/>
    <property name="java.ext.dirs" value="c:\Java\jdk1.7.0_45\jre\lib\ext;C:\Windows\Sun\Java\lib\ext"/>
    <property name="sun.boot.class.path" value="c:\Java\jdk1.7.0_45\jre\lib\resources.jar;c:\Java\jdk1.7.0_45\jre\lib\rt.jar;c:\Java\jdk1.7.0_45\jre\lib\sunrsasign.jar;c:\Java\jdk1.7.0_45\jre\lib\jsse.jar;c:\Java\jdk1.7.0_45\jre\lib\jce.jar;c:\Java\jdk1.7.0_45\jre\lib\charsets.jar;c:\Java\jdk1.7.0_45\jre\lib\jfr.jar;c:\Java\jdk1.7.0_45\jre\classes"/>
    <property name="java.vendor" value="Oracle Corporation"/>
    <property name="maven.home" value="e:\Dev\Maven\apache-maven-3.2.1"/>
    <property name="file.separator" value="\"/>
    <property name="java.vendor.url.bug" value="http://bugreport.sun.com/bugreport/"/>
    <property name="sun.cpu.endian" value="little"/>
    <property name="sun.io.unicode.encoding" value="UnicodeLittle"/>
    <property name="sun.desktop" value="windows"/>
    <property name="sun.cpu.isalist" value="amd64"/>
  </properties>
  <testcase time="0.003" classname="com.ysance.kafka.AppTest" name="testApp"/>
</testsuite>